<?xml version="1.0" encoding="UTF-8"?>
<!-- Generated by org.testng.reporters.JUnitReportReporter -->
<testsuite hostname="LAPTOP-KBNO7HO9" failures="0" tests="3" name="test.TC003_PositiveLogIN_Test" time="65.870" errors="0" timestamp="03 Dec 2023 15:19:01 GMT" skipped="0">
  <testcase classname="test.TC003_PositiveLogIN_Test" name="LogInTest" time="23.384"/>
  <testcase classname="test.TC003_PositiveLogIN_Test" name="LogInTest" time="20.552"/>
  <testcase classname="test.TC003_PositiveLogIN_Test" name="LogInTest" time="21.934"/>
</testsuite> <!-- test.TC003_PositiveLogIN_Test -->
