<?xml version="1.0" encoding="UTF-8"?>
<!-- Generated by org.testng.reporters.JUnitReportReporter -->
<testsuite hostname="LAPTOP-KBNO7HO9" failures="0" tests="1" name="test.Positive_OneWayTrip_Test" time="24.113" errors="0" timestamp="01 Dec 2023 08:27:48 GMT" skipped="0">
  <testcase classname="test.Positive_OneWayTrip_Test" name="OneWayTrip_Test" time="24.113"/>
</testsuite> <!-- test.Positive_OneWayTrip_Test -->
