<?xml version="1.0" encoding="UTF-8"?>
<!-- Generated by org.testng.reporters.JUnitReportReporter -->
<testsuite hostname="LAPTOP-KBNO7HO9" failures="0" tests="1" name="test.TC001_Positive_SignUp_Test" time="44.541" errors="0" timestamp="05 Dec 2023 11:50:51 GMT" skipped="0">
  <testcase classname="test.TC001_Positive_SignUp_Test" name="signUpTest" time="44.541"/>
</testsuite> <!-- test.TC001_Positive_SignUp_Test -->
