<?xml version="1.0" encoding="UTF-8"?>
<!-- Generated by org.testng.reporters.JUnitReportReporter -->
<testsuite hostname="LAPTOP-KBNO7HO9" failures="0" tests="1" name="test.TC005_PositiveOneWayTrip_Test" time="49.735" errors="0" timestamp="02 Dec 2023 18:38:50 GMT" skipped="0">
  <testcase classname="test.TC005_PositiveOneWayTrip_Test" name="OneWayTrip_Test" time="49.735"/>
</testsuite> <!-- test.TC005_PositiveOneWayTrip_Test -->
