<?xml version="1.0" encoding="UTF-8"?>
<!-- Generated by org.testng.reporters.JUnitReportReporter -->
<testsuite hostname="LAPTOP-KBNO7HO9" failures="0" tests="1" name="test.TC009_HomePageFunctionalities_Test" time="15.892" errors="0" timestamp="02 Dec 2023 19:04:18 GMT" skipped="0">
  <testcase classname="test.TC009_HomePageFunctionalities_Test" name="HomePageFunctions_Test" time="15.892"/>
</testsuite> <!-- test.TC009_HomePageFunctionalities_Test -->
