<?xml version="1.0" encoding="UTF-8"?>
<!-- Generated by org.testng.reporters.JUnitReportReporter -->
<testsuite hostname="LAPTOP-KBNO7HO9" failures="0" tests="1" name="test.TC004_LogIn_TestCase" time="0.000" errors="0" timestamp="03 Dec 2023 15:27:52 GMT" skipped="1">
  <testcase classname="test.TC004_LogIn_TestCase" name="LogInTest" time="0.000">
    <skipped/>
  </testcase> <!-- LogInTest -->
</testsuite> <!-- test.TC004_LogIn_TestCase -->
