<?xml version="1.0" encoding="UTF-8"?>
<!-- Generated by org.testng.reporters.JUnitReportReporter -->
<testsuite hostname="LAPTOP-KBNO7HO9" failures="0" tests="3" name="test.TC004_Negative_LogIn_TestCase" time="120.360" errors="0" timestamp="03 Dec 2023 15:56:02 GMT" skipped="0">
  <testcase classname="test.TC004_Negative_LogIn_TestCase" name="LogInTest" time="38.988"/>
  <testcase classname="test.TC004_Negative_LogIn_TestCase" name="LogInTest" time="53.089"/>
  <testcase classname="test.TC004_Negative_LogIn_TestCase" name="LogInTest" time="28.283"/>
</testsuite> <!-- test.TC004_Negative_LogIn_TestCase -->
