<?xml version="1.0" encoding="UTF-8"?>
<!-- Generated by org.testng.reporters.JUnitReportReporter -->
<testsuite hostname="LAPTOP-KBNO7HO9" failures="0" tests="1" name="test.TC007_PositiveRoundWayTrip_Test" time="66.976" errors="0" timestamp="03 Dec 2023 17:59:31 GMT" skipped="0">
  <testcase classname="test.TC007_PositiveRoundWayTrip_Test" name="RoundWayTrip_Test" time="66.976"/>
</testsuite> <!-- test.TC007_PositiveRoundWayTrip_Test -->
