<?xml version="1.0" encoding="UTF-8"?>
<!-- Generated by org.testng.reporters.JUnitReportReporter -->
<testsuite hostname="LAPTOP-KBNO7HO9" failures="0" tests="3" name="test.TC003_PositiveLogIN_Test" time="67.759" errors="0" timestamp="2023-12-03T23:09:46 IST" skipped="0">
  <testcase classname="test.TC003_PositiveLogIN_Test" name="LogInTest" time="24.162"/>
  <testcase classname="test.TC003_PositiveLogIN_Test" name="LogInTest" time="22.406"/>
  <testcase classname="test.TC003_PositiveLogIN_Test" name="LogInTest" time="21.191"/>
</testsuite> <!-- test.TC003_PositiveLogIN_Test -->
