<?xml version="1.0" encoding="UTF-8"?>
<!-- Generated by org.testng.reporters.JUnitReportReporter -->
<testsuite hostname="LAPTOP-KBNO7HO9" failures="0" tests="3" name="test.TC004_Negative_LogIn_TestCase" time="185.692" errors="0" timestamp="2023-12-03T23:09:46 IST" skipped="0">
  <testcase classname="test.TC004_Negative_LogIn_TestCase" name="LogInTest" time="62.673"/>
  <testcase classname="test.TC004_Negative_LogIn_TestCase" name="LogInTest" time="73.308"/>
  <testcase classname="test.TC004_Negative_LogIn_TestCase" name="LogInTest" time="49.711"/>
</testsuite> <!-- test.TC004_Negative_LogIn_TestCase -->
