<?xml version="1.0" encoding="UTF-8"?>
<!-- Generated by org.testng.reporters.JUnitReportReporter -->
<testsuite hostname="LAPTOP-KBNO7HO9" failures="0" tests="1" name="test.TC005_PositiveOneWayTrip_Test" time="68.698" errors="0" timestamp="2023-12-03T23:24:56 IST" skipped="0">
  <testcase classname="test.TC005_PositiveOneWayTrip_Test" name="OneWayTrip_Test" time="68.698"/>
</testsuite> <!-- test.TC005_PositiveOneWayTrip_Test -->
