<?xml version="1.0" encoding="UTF-8"?>
<!-- Generated by org.testng.reporters.JUnitReportReporter -->
<testsuite hostname="LAPTOP-KBNO7HO9" failures="0" tests="1" name="test.TC007_PositiveRoundWayTrip_Test" time="54.432" errors="0" timestamp="2023-12-03T23:34:49 IST" skipped="0">
  <testcase classname="test.TC007_PositiveRoundWayTrip_Test" name="RoundWayTrip_Test" time="54.432"/>
</testsuite> <!-- test.TC007_PositiveRoundWayTrip_Test -->
