<?xml version="1.0" encoding="UTF-8"?>
<!-- Generated by org.testng.reporters.JUnitReportReporter -->
<testsuite hostname="LAPTOP-KBNO7HO9" failures="0" tests="1" name="test.TC009_HomePageFunctionalities_Test" time="12.323" errors="0" timestamp="2023-12-03T23:36:46 IST" skipped="0">
  <testcase classname="test.TC009_HomePageFunctionalities_Test" name="HomePageFunctions_Test" time="12.323"/>
</testsuite> <!-- test.TC009_HomePageFunctionalities_Test -->
