<?xml version="1.0" encoding="UTF-8"?>
<!-- Generated by org.testng.reporters.JUnitReportReporter -->
<testsuite hostname="LAPTOP-KBNO7HO9" failures="0" tests="2" name="test.TC002_Negative_SignUp_Test" time="73.248" errors="0" timestamp="2023-12-03T23:09:46 IST" skipped="0">
  <testcase classname="test.TC002_Negative_SignUp_Test" name="signUpTest" time="35.708"/>
  <testcase classname="test.TC002_Negative_SignUp_Test" name="signUpTest" time="37.540"/>
</testsuite> <!-- test.TC002_Negative_SignUp_Test -->
