<?xml version="1.0" encoding="UTF-8"?>
<!-- Generated by org.testng.reporters.JUnitReportReporter -->
<testsuite hostname="LAPTOP-KBNO7HO9" failures="0" tests="1" name="test.TC001_Positive_SignUp_Test" time="36.399" errors="0" timestamp="2023-12-03T23:09:47 IST" skipped="0">
  <testcase classname="test.TC001_Positive_SignUp_Test" name="signUpTest" time="36.399"/>
</testsuite> <!-- test.TC001_Positive_SignUp_Test -->
